# JRE version: OpenJDK Runtime Environment (11.0.8+10) (build 11.0.8+10-b944.6842174)
# Java VM: OpenJDK 64-Bit Server VM (11.0.8+10-b944.6842174, mixed mode, tiered, compressed oops, g1 gc, windows-amd64)
Heap:
 garbage-first heap   total 159744K, used 131299K [0x0000000080000000, 0x0000000100000000)
  region size 1024K, 26 young (26624K), 1 survivors (1024K)
 Metaspace       used 114201K, capacity 117261K, committed 117884K, reserved 1150976K
  class space    used 14231K, capacity 15346K, committed 15616K, reserved 1048576K
GC Heap History (20 events):
Event: 1046.526 GC heap before
{Heap before GC invocations=156 (full 0):
 garbage-first heap   total 159744K, used 108143K [0x0000000080000000, 0x0000000100000000)
  region size 1024K, 20 young (20480K), 1 survivors (1024K)
 Metaspace       used 113154K, capacity 116023K, committed 117628K, reserved 1150976K
  class space    used 14157K, capacity 15213K, committed 15616K, reserved 1048576K
}
Event: 1046.533 GC heap after
{Heap after GC invocations=157 (full 0):
 garbage-first heap   total 159744K, used 89991K [0x0000000080000000, 0x0000000100000000)
  region size 1024K, 1 young (1024K), 1 survivors (1024K)
 Metaspace       used 113154K, capacity 116023K, committed 117628K, reserved 1150976K
  class space    used 14157K, capacity 15213K, committed 15616K, reserved 1048576K
}
Event: 1230.811 GC heap before
{Heap before GC invocations=157 (full 0):
 garbage-first heap   total 159744K, used 118663K [0x0000000080000000, 0x0000000100000000)
  region size 1024K, 22 young (22528K), 1 survivors (1024K)
 Metaspace       used 113203K, capacity 116099K, committed 117628K, reserved 1150976K
  class space    used 14159K, capacity 15217K, committed 15616K, reserved 1048576K
}
Event: 1230.826 GC heap after
{Heap after GC invocations=158 (full 0):
 garbage-first heap   total 159744K, used 89769K [0x0000000080000000, 0x0000000100000000)
  region size 1024K, 1 young (1024K), 1 survivors (1024K)
 Metaspace       used 113203K, capacity 116099K, committed 117628K, reserved 1150976K
  class space    used 14159K, capacity 15217K, committed 15616K, reserved 1048576K
}
Event: 1289.612 GC heap before
{Heap before GC invocations=158 (full 0):
 garbage-first heap   total 159744K, used 113321K [0x0000000080000000, 0x0000000100000000)
  region size 1024K, 25 young (25600K), 1 survivors (1024K)
 Metaspace       used 113302K, capacity 116296K, committed 117628K, reserved 1150976K
  class space    used 14159K, capacity 15217K, committed 15616K, reserved 1048576K
}
Event: 1289.651 GC heap after
{Heap after GC invocations=159 (full 0):
 garbage-first heap   total 159744K, used 92476K [0x0000000080000000, 0x0000000100000000)
  region size 1024K, 4 young (4096K), 4 survivors (4096K)
 Metaspace       used 113302K, capacity 116296K, committed 117628K, reserved 1150976K
  class space    used 14159K, capacity 15217K, committed 15616K, reserved 1048576K
}
Event: 1293.282 GC heap before
{Heap before GC invocations=159 (full 0):
 garbage-first heap   total 159744K, used 116028K [0x0000000080000000, 0x0000000100000000)
  region size 1024K, 28 young (28672K), 4 survivors (4096K)
 Metaspace       used 113354K, capacity 116297K, committed 117628K, reserved 1150976K
  class space    used 14159K, capacity 15217K, committed 15616K, reserved 1048576K
}
Event: 1293.309 GC heap after
{Heap after GC invocations=160 (full 0):
 garbage-first heap   total 159744K, used 94039K [0x0000000080000000, 0x0000000100000000)
  region size 1024K, 2 young (2048K), 2 survivors (2048K)
 Metaspace       used 113354K, capacity 116297K, committed 117628K, reserved 1150976K
  class space    used 14159K, capacity 15217K, committed 15616K, reserved 1048576K
}
Event: 1294.707 GC heap before
{Heap before GC invocations=160 (full 0):
 garbage-first heap   total 159744K, used 118615K [0x0000000080000000, 0x0000000100000000)
  region size 1024K, 27 young (27648K), 2 survivors (2048K)
 Metaspace       used 113384K, capacity 116370K, committed 117628K, reserved 1150976K
  class space    used 14161K, capacity 15220K, committed 15616K, reserved 1048576K
}
Event: 1294.713 GC heap after
{Heap after GC invocations=161 (full 0):
 garbage-first heap   total 159744K, used 94485K [0x0000000080000000, 0x0000000100000000)
  region size 1024K, 3 young (3072K), 3 survivors (3072K)
 Metaspace       used 113384K, capacity 116370K, committed 117628K, reserved 1150976K
  class space    used 14161K, capacity 15220K, committed 15616K, reserved 1048576K
}
Event: 1303.116 GC heap before
{Heap before GC invocations=161 (full 0):
 garbage-first heap   total 159744K, used 123157K [0x0000000080000000, 0x0000000100000000)
  region size 1024K, 30 young (30720K), 3 survivors (3072K)
 Metaspace       used 113439K, capacity 116379K, committed 117628K, reserved 1150976K
  class space    used 14162K, capacity 15222K, committed 15616K, reserved 1048576K
}
Event: 1303.194 GC heap after
{Heap after GC invocations=162 (full 0):
 garbage-first heap   total 159744K, used 102763K [0x0000000080000000, 0x0000000100000000)
  region size 1024K, 4 young (4096K), 4 survivors (4096K)
 Metaspace       used 113439K, capacity 116379K, committed 117628K, reserved 1150976K
  class space    used 14162K, capacity 15222K, committed 15616K, reserved 1048576K
}
Event: 1304.726 GC heap before
{Heap before GC invocations=162 (full 0):
 garbage-first heap   total 159744K, used 125291K [0x0000000080000000, 0x0000000100000000)
  region size 1024K, 27 young (27648K), 4 survivors (4096K)
 Metaspace       used 113750K, capacity 116743K, committed 117628K, reserved 1150976K
  class space    used 14184K, capacity 15260K, committed 15616K, reserved 1048576K
}
Event: 1304.746 GC heap after
{Heap after GC invocations=163 (full 0):
 garbage-first heap   total 159744K, used 106108K [0x0000000080000000, 0x0000000100000000)
  region size 1024K, 4 young (4096K), 4 survivors (4096K)
 Metaspace       used 113750K, capacity 116743K, committed 117628K, reserved 1150976K
  class space    used 14184K, capacity 15260K, committed 15616K, reserved 1048576K
}
Event: 1305.306 GC heap before
{Heap before GC invocations=163 (full 0):
 garbage-first heap   total 159744K, used 126588K [0x0000000080000000, 0x0000000100000000)
  region size 1024K, 25 young (25600K), 4 survivors (4096K)
 Metaspace       used 113762K, capacity 116745K, committed 117628K, reserved 1150976K
  class space    used 14184K, capacity 15260K, committed 15616K, reserved 1048576K
}
Event: 1305.453 GC heap after
{Heap after GC invocations=164 (full 0):
 garbage-first heap   total 159744K, used 106768K [0x0000000080000000, 0x0000000100000000)
  region size 1024K, 1 young (1024K), 1 survivors (1024K)
 Metaspace       used 113762K, capacity 116745K, committed 117628K, reserved 1150976K
  class space    used 14184K, capacity 15260K, committed 15616K, reserved 1048576K
}
Event: 1307.094 GC heap before
{Heap before GC invocations=164 (full 0):
 garbage-first heap   total 159744K, used 129296K [0x0000000080000000, 0x0000000100000000)
  region size 1024K, 24 young (24576K), 1 survivors (1024K)
 Metaspace       used 113869K, capacity 116818K, committed 117628K, reserved 1150976K
  class space    used 14184K, capacity 15260K, committed 15616K, reserved 1048576K
}
Event: 1307.135 GC heap after
{Heap after GC invocations=165 (full 0):
 garbage-first heap   total 159744K, used 106826K [0x0000000080000000, 0x0000000100000000)
  region size 1024K, 1 young (1024K), 1 survivors (1024K)
 Metaspace       used 113869K, capacity 116818K, committed 117628K, reserved 1150976K
  class space    used 14184K, capacity 15260K, committed 15616K, reserved 1048576K
}
Event: 1904.491 GC heap before
{Heap before GC invocations=165 (full 0):
 garbage-first heap   total 159744K, used 138570K [0x0000000080000000, 0x0000000100000000)
  region size 1024K, 25 young (25600K), 1 survivors (1024K)
 Metaspace       used 113923K, capacity 116818K, committed 117628K, reserved 1150976K
  class space    used 14184K, capacity 15260K, committed 15616K, reserved 1048576K
}
Event: 1904.857 GC heap after
{Heap after GC invocations=166 (full 0):
 garbage-first heap   total 159744K, used 106723K [0x0000000080000000, 0x0000000100000000)
  region size 1024K, 1 young (1024K), 1 survivors (1024K)
 Metaspace       used 113923K, capacity 116818K, committed 117628K, reserved 1150976K
  class space    used 14184K, capacity 15260K, committed 15616K, reserved 1048576K
}

