# JRE version: OpenJDK Runtime Environment (11.0.8+10) (build 11.0.8+10-b944.6842174)
# Java VM: OpenJDK 64-Bit Server VM (11.0.8+10-b944.6842174, mixed mode, tiered, compressed oops, g1 gc, windows-amd64)
Heap:
 garbage-first heap   total 489472K, used 104691K [0x0000000080000000, 0x0000000100000000)
  region size 1024K, 2 young (2048K), 2 survivors (2048K)
 Metaspace       used 104652K, capacity 106978K, committed 107548K, reserved 1142784K
  class space    used 13158K, capacity 13984K, committed 14208K, reserved 1048576K
GC Heap History (20 events):
Event: 3645.235 GC heap after
{Heap after GC invocations=151 (full 0):
 garbage-first heap   total 120832K, used 85439K [0x0000000080000000, 0x0000000100000000)
  region size 1024K, 1 young (1024K), 1 survivors (1024K)
 Metaspace       used 103235K, capacity 105534K, committed 106140K, reserved 1140736K
  class space    used 13043K, capacity 13873K, committed 14080K, reserved 1048576K
}
Event: 3651.254 GC heap before
{Heap before GC invocations=151 (full 0):
 garbage-first heap   total 120832K, used 98751K [0x0000000080000000, 0x0000000100000000)
  region size 1024K, 15 young (15360K), 1 survivors (1024K)
 Metaspace       used 103957K, capacity 106280K, committed 106652K, reserved 1142784K
  class space    used 13124K, capacity 13949K, committed 14080K, reserved 1048576K
}
Event: 3651.261 GC heap after
{Heap after GC invocations=152 (full 0):
 garbage-first heap   total 120832K, used 85946K [0x0000000080000000, 0x0000000100000000)
  region size 1024K, 2 young (2048K), 2 survivors (2048K)
 Metaspace       used 103957K, capacity 106280K, committed 106652K, reserved 1142784K
  class space    used 13124K, capacity 13949K, committed 14080K, reserved 1048576K
}
Event: 3652.153 GC heap before
{Heap before GC invocations=153 (full 0):
 garbage-first heap   total 120832K, used 100282K [0x0000000080000000, 0x0000000100000000)
  region size 1024K, 16 young (16384K), 2 survivors (2048K)
 Metaspace       used 104080K, capacity 106421K, committed 106908K, reserved 1142784K
  class space    used 13125K, capacity 13951K, committed 14080K, reserved 1048576K
}
Event: 3652.309 GC heap after
{Heap after GC invocations=154 (full 0):
 garbage-first heap   total 120832K, used 86267K [0x0000000080000000, 0x0000000100000000)
  region size 1024K, 2 young (2048K), 2 survivors (2048K)
 Metaspace       used 104080K, capacity 106421K, committed 106908K, reserved 1142784K
  class space    used 13125K, capacity 13951K, committed 14080K, reserved 1048576K
}
Event: 3654.584 GC heap before
{Heap before GC invocations=154 (full 0):
 garbage-first heap   total 120832K, used 100603K [0x0000000080000000, 0x0000000100000000)
  region size 1024K, 17 young (17408K), 2 survivors (2048K)
 Metaspace       used 104376K, capacity 106645K, committed 107036K, reserved 1142784K
  class space    used 13151K, capacity 13983K, committed 14208K, reserved 1048576K
}
Event: 3655.524 GC heap after
{Heap after GC invocations=155 (full 0):
 garbage-first heap   total 200704K, used 88855K [0x0000000080000000, 0x0000000100000000)
  region size 1024K, 3 young (3072K), 3 survivors (3072K)
 Metaspace       used 104376K, capacity 106645K, committed 107036K, reserved 1142784K
  class space    used 13151K, capacity 13983K, committed 14208K, reserved 1048576K
}
Event: 3657.267 GC heap before
{Heap before GC invocations=156 (full 0):
 garbage-first heap   total 200704K, used 94999K [0x0000000080000000, 0x0000000100000000)
  region size 1024K, 9 young (9216K), 3 survivors (3072K)
 Metaspace       used 104392K, capacity 106709K, committed 107292K, reserved 1142784K
  class space    used 13151K, capacity 13983K, committed 14208K, reserved 1048576K
}
Event: 3657.372 GC heap after
{Heap after GC invocations=157 (full 0):
 garbage-first heap   total 200704K, used 89949K [0x0000000080000000, 0x0000000100000000)
  region size 1024K, 2 young (2048K), 2 survivors (2048K)
 Metaspace       used 104392K, capacity 106709K, committed 107292K, reserved 1142784K
  class space    used 13151K, capacity 13983K, committed 14208K, reserved 1048576K
}
Event: 3659.561 GC heap before
{Heap before GC invocations=157 (full 0):
 garbage-first heap   total 200704K, used 97117K [0x0000000080000000, 0x0000000100000000)
  region size 1024K, 9 young (9216K), 2 survivors (2048K)
 Metaspace       used 104444K, capacity 106773K, committed 107292K, reserved 1142784K
  class space    used 13151K, capacity 13983K, committed 14208K, reserved 1048576K
}
Event: 3659.580 GC heap after
{Heap after GC invocations=158 (full 0):
 garbage-first heap   total 200704K, used 90497K [0x0000000080000000, 0x0000000100000000)
  region size 1024K, 2 young (2048K), 2 survivors (2048K)
 Metaspace       used 104444K, capacity 106773K, committed 107292K, reserved 1142784K
  class space    used 13151K, capacity 13983K, committed 14208K, reserved 1048576K
}
Event: 3661.654 GC heap before
{Heap before GC invocations=159 (full 0):
 garbage-first heap   total 200704K, used 96641K [0x0000000080000000, 0x0000000100000000)
  region size 1024K, 9 young (9216K), 2 survivors (2048K)
 Metaspace       used 104453K, capacity 106773K, committed 107292K, reserved 1142784K
  class space    used 13151K, capacity 13983K, committed 14208K, reserved 1048576K
}
Event: 3661.718 GC heap after
{Heap after GC invocations=160 (full 0):
 garbage-first heap   total 200704K, used 91525K [0x0000000080000000, 0x0000000100000000)
  region size 1024K, 2 young (2048K), 2 survivors (2048K)
 Metaspace       used 104453K, capacity 106773K, committed 107292K, reserved 1142784K
  class space    used 13151K, capacity 13983K, committed 14208K, reserved 1048576K
}
Event: 3664.009 GC heap before
{Heap before GC invocations=160 (full 0):
 garbage-first heap   total 200704K, used 98693K [0x0000000080000000, 0x0000000100000000)
  region size 1024K, 9 young (9216K), 2 survivors (2048K)
 Metaspace       used 104476K, capacity 106784K, committed 107292K, reserved 1142784K
  class space    used 13151K, capacity 13983K, committed 14208K, reserved 1048576K
}
Event: 3664.020 GC heap after
{Heap after GC invocations=161 (full 0):
 garbage-first heap   total 200704K, used 92319K [0x0000000080000000, 0x0000000100000000)
  region size 1024K, 2 young (2048K), 2 survivors (2048K)
 Metaspace       used 104476K, capacity 106784K, committed 107292K, reserved 1142784K
  class space    used 13151K, capacity 13983K, committed 14208K, reserved 1048576K
}
Event: 3667.991 GC heap before
{Heap before GC invocations=162 (full 0):
 garbage-first heap   total 200704K, used 99487K [0x0000000080000000, 0x0000000100000000)
  region size 1024K, 10 young (10240K), 2 survivors (2048K)
 Metaspace       used 104500K, capacity 106848K, committed 107292K, reserved 1142784K
  class space    used 13151K, capacity 13983K, committed 14208K, reserved 1048576K
}
Event: 3668.000 GC heap after
{Heap after GC invocations=163 (full 0):
 garbage-first heap   total 200704K, used 93859K [0x0000000080000000, 0x0000000100000000)
  region size 1024K, 4 young (4096K), 4 survivors (4096K)
 Metaspace       used 104500K, capacity 106848K, committed 107292K, reserved 1142784K
  class space    used 13151K, capacity 13983K, committed 14208K, reserved 1048576K
}
Event: 3688.085 GC heap before
{Heap before GC invocations=164 (full 0):
 garbage-first heap   total 200704K, used 134819K [0x0000000080000000, 0x0000000100000000)
  region size 1024K, 41 young (41984K), 4 survivors (4096K)
 Metaspace       used 104598K, capacity 106912K, committed 107292K, reserved 1142784K
  class space    used 13151K, capacity 13983K, committed 14208K, reserved 1048576K
}
Event: 3689.463 GC heap after
{Heap after GC invocations=165 (full 0):
 garbage-first heap   total 200704K, used 102997K [0x0000000080000000, 0x0000000100000000)
  region size 1024K, 6 young (6144K), 6 survivors (6144K)
 Metaspace       used 104598K, capacity 106912K, committed 107292K, reserved 1142784K
  class space    used 13151K, capacity 13983K, committed 14208K, reserved 1048576K
}
Event: 3691.824 GC heap before
{Heap before GC invocations=165 (full 0):
 garbage-first heap   total 200704K, used 106069K [0x0000000080000000, 0x0000000100000000)
  region size 1024K, 9 young (9216K), 6 survivors (6144K)
 Metaspace       used 104652K, capacity 106978K, committed 107548K, reserved 1142784K
  class space    used 13158K, capacity 13984K, committed 14208K, reserved 1048576K
}

