# JRE version: OpenJDK Runtime Environment (11.0.8+10) (build 11.0.8+10-b944.6842174)
# Java VM: OpenJDK 64-Bit Server VM (11.0.8+10-b944.6842174, mixed mode, tiered, compressed oops, g1 gc, windows-amd64)
Heap:
 garbage-first heap   total 63488K, used 23417K [0x0000000080000000, 0x0000000100000000)
  region size 1024K, 11 young (11264K), 2 survivors (2048K)
 Metaspace       used 21585K, capacity 22214K, committed 22400K, reserved 1069056K
  class space    used 2712K, capacity 2910K, committed 2944K, reserved 1048576K
GC Heap History (12 events):
Event: 3.826 GC heap before
{Heap before GC invocations=0 (full 0):
 garbage-first heap   total 63488K, used 19456K [0x0000000080000000, 0x0000000100000000)
  region size 1024K, 14 young (14336K), 0 survivors (0K)
 Metaspace       used 7452K, capacity 7615K, committed 7680K, reserved 1056768K
  class space    used 686K, capacity 748K, committed 768K, reserved 1048576K
}
Event: 3.838 GC heap after
{Heap after GC invocations=1 (full 0):
 garbage-first heap   total 63488K, used 7757K [0x0000000080000000, 0x0000000100000000)
  region size 1024K, 2 young (2048K), 2 survivors (2048K)
 Metaspace       used 7452K, capacity 7615K, committed 7680K, reserved 1056768K
  class space    used 686K, capacity 748K, committed 768K, reserved 1048576K
}
Event: 6.415 GC heap before
{Heap before GC invocations=1 (full 0):
 garbage-first heap   total 63488K, used 19021K [0x0000000080000000, 0x0000000100000000)
  region size 1024K, 13 young (13312K), 2 survivors (2048K)
 Metaspace       used 10821K, capacity 11081K, committed 11264K, reserved 1058816K
  class space    used 1144K, capacity 1203K, committed 1280K, reserved 1048576K
}
Event: 6.423 GC heap after
{Heap after GC invocations=2 (full 0):
 garbage-first heap   total 63488K, used 8781K [0x0000000080000000, 0x0000000100000000)
  region size 1024K, 1 young (1024K), 1 survivors (1024K)
 Metaspace       used 10821K, capacity 11081K, committed 11264K, reserved 1058816K
  class space    used 1144K, capacity 1203K, committed 1280K, reserved 1048576K
}
Event: 8.210 GC heap before
{Heap before GC invocations=2 (full 0):
 garbage-first heap   total 63488K, used 29261K [0x0000000080000000, 0x0000000100000000)
  region size 1024K, 22 young (22528K), 1 survivors (1024K)
 Metaspace       used 10941K, capacity 11146K, committed 11264K, reserved 1058816K
  class space    used 1144K, capacity 1203K, committed 1280K, reserved 1048576K
}
Event: 8.216 GC heap after
{Heap after GC invocations=3 (full 0):
 garbage-first heap   total 63488K, used 10429K [0x0000000080000000, 0x0000000100000000)
  region size 1024K, 3 young (3072K), 3 survivors (3072K)
 Metaspace       used 10941K, capacity 11146K, committed 11264K, reserved 1058816K
  class space    used 1144K, capacity 1203K, committed 1280K, reserved 1048576K
}
Event: 12.572 GC heap before
{Heap before GC invocations=3 (full 0):
 garbage-first heap   total 63488K, used 32957K [0x0000000080000000, 0x0000000100000000)
  region size 1024K, 26 young (26624K), 3 survivors (3072K)
 Metaspace       used 13554K, capacity 13869K, committed 14208K, reserved 1062912K
  class space    used 1500K, capacity 1580K, committed 1664K, reserved 1048576K
}
Event: 12.585 GC heap after
{Heap after GC invocations=4 (full 0):
 garbage-first heap   total 63488K, used 14081K [0x0000000080000000, 0x0000000100000000)
  region size 1024K, 4 young (4096K), 4 survivors (4096K)
 Metaspace       used 13554K, capacity 13869K, committed 14208K, reserved 1062912K
  class space    used 1500K, capacity 1580K, committed 1664K, reserved 1048576K
}
Event: 17.420 GC heap before
{Heap before GC invocations=4 (full 0):
 garbage-first heap   total 63488K, used 37633K [0x0000000080000000, 0x0000000100000000)
  region size 1024K, 27 young (27648K), 4 survivors (4096K)
 Metaspace       used 18741K, capacity 19213K, committed 19328K, reserved 1067008K
  class space    used 2257K, capacity 2394K, committed 2432K, reserved 1048576K
}
Event: 17.431 GC heap after
{Heap after GC invocations=5 (full 0):
 garbage-first heap   total 63488K, used 15866K [0x0000000080000000, 0x0000000100000000)
  region size 1024K, 2 young (2048K), 2 survivors (2048K)
 Metaspace       used 18741K, capacity 19213K, committed 19328K, reserved 1067008K
  class space    used 2257K, capacity 2394K, committed 2432K, reserved 1048576K
}
Event: 18.851 GC heap before
{Heap before GC invocations=5 (full 0):
 garbage-first heap   total 63488K, used 28154K [0x0000000080000000, 0x0000000100000000)
  region size 1024K, 16 young (16384K), 2 survivors (2048K)
 Metaspace       used 20623K, capacity 21111K, committed 21248K, reserved 1067008K
  class space    used 2528K, capacity 2712K, committed 2816K, reserved 1048576K
}
Event: 18.855 GC heap after
{Heap after GC invocations=6 (full 0):
 garbage-first heap   total 63488K, used 16249K [0x0000000080000000, 0x0000000100000000)
  region size 1024K, 2 young (2048K), 2 survivors (2048K)
 Metaspace       used 20623K, capacity 21111K, committed 21248K, reserved 1067008K
  class space    used 2528K, capacity 2712K, committed 2816K, reserved 1048576K
}

