# JRE version: OpenJDK Runtime Environment (11.0.8+10) (build 11.0.8+10-b944.6842174)
# Java VM: OpenJDK 64-Bit Server VM (11.0.8+10-b944.6842174, mixed mode, tiered, compressed oops, g1 gc, windows-amd64)
Heap:
 garbage-first heap   total 63488K, used 28545K [0x0000000080000000, 0x0000000100000000)
  region size 1024K, 15 young (15360K), 2 survivors (2048K)
 Metaspace       used 21850K, capacity 22454K, committed 22704K, reserved 1069056K
  class space    used 2756K, capacity 2974K, committed 3072K, reserved 1048576K
GC Heap History (12 events):
Event: 2.673 GC heap before
{Heap before GC invocations=0 (full 0):
 garbage-first heap   total 63488K, used 19456K [0x0000000080000000, 0x0000000100000000)
  region size 1024K, 14 young (14336K), 0 survivors (0K)
 Metaspace       used 7452K, capacity 7599K, committed 7680K, reserved 1056768K
  class space    used 686K, capacity 748K, committed 768K, reserved 1048576K
}
Event: 2.689 GC heap after
{Heap after GC invocations=1 (full 0):
 garbage-first heap   total 63488K, used 7907K [0x0000000080000000, 0x0000000100000000)
  region size 1024K, 2 young (2048K), 2 survivors (2048K)
 Metaspace       used 7452K, capacity 7599K, committed 7680K, reserved 1056768K
  class space    used 686K, capacity 748K, committed 768K, reserved 1048576K
}
Event: 4.138 GC heap before
{Heap before GC invocations=1 (full 0):
 garbage-first heap   total 63488K, used 19171K [0x0000000080000000, 0x0000000100000000)
  region size 1024K, 13 young (13312K), 2 survivors (2048K)
 Metaspace       used 10843K, capacity 11065K, committed 11264K, reserved 1058816K
  class space    used 1144K, capacity 1203K, committed 1280K, reserved 1048576K
}
Event: 4.147 GC heap after
{Heap after GC invocations=2 (full 0):
 garbage-first heap   total 63488K, used 8664K [0x0000000080000000, 0x0000000100000000)
  region size 1024K, 1 young (1024K), 1 survivors (1024K)
 Metaspace       used 10843K, capacity 11065K, committed 11264K, reserved 1058816K
  class space    used 1144K, capacity 1203K, committed 1280K, reserved 1048576K
}
Event: 5.587 GC heap before
{Heap before GC invocations=2 (full 0):
 garbage-first heap   total 63488K, used 30168K [0x0000000080000000, 0x0000000100000000)
  region size 1024K, 23 young (23552K), 1 survivors (1024K)
 Metaspace       used 10962K, capacity 11194K, committed 11520K, reserved 1058816K
  class space    used 1144K, capacity 1203K, committed 1280K, reserved 1048576K
}
Event: 5.596 GC heap after
{Heap after GC invocations=3 (full 0):
 garbage-first heap   total 63488K, used 10286K [0x0000000080000000, 0x0000000100000000)
  region size 1024K, 3 young (3072K), 3 survivors (3072K)
 Metaspace       used 10962K, capacity 11194K, committed 11520K, reserved 1058816K
  class space    used 1144K, capacity 1203K, committed 1280K, reserved 1048576K
}
Event: 8.035 GC heap before
{Heap before GC invocations=3 (full 0):
 garbage-first heap   total 63488K, used 34862K [0x0000000080000000, 0x0000000100000000)
  region size 1024K, 27 young (27648K), 3 survivors (3072K)
 Metaspace       used 13983K, capacity 14333K, committed 14592K, reserved 1062912K
  class space    used 1578K, capacity 1676K, committed 1792K, reserved 1048576K
}
Event: 8.068 GC heap after
{Heap after GC invocations=4 (full 0):
 garbage-first heap   total 63488K, used 14016K [0x0000000080000000, 0x0000000100000000)
  region size 1024K, 4 young (4096K), 4 survivors (4096K)
 Metaspace       used 13983K, capacity 14333K, committed 14592K, reserved 1062912K
  class space    used 1578K, capacity 1676K, committed 1792K, reserved 1048576K
}
Event: 12.585 GC heap before
{Heap before GC invocations=4 (full 0):
 garbage-first heap   total 63488K, used 38592K [0x0000000080000000, 0x0000000100000000)
  region size 1024K, 28 young (28672K), 4 survivors (4096K)
 Metaspace       used 19012K, capacity 19454K, committed 19712K, reserved 1067008K
  class space    used 2298K, capacity 2458K, committed 2560K, reserved 1048576K
}
Event: 12.595 GC heap after
{Heap after GC invocations=5 (full 0):
 garbage-first heap   total 63488K, used 15865K [0x0000000080000000, 0x0000000100000000)
  region size 1024K, 2 young (2048K), 2 survivors (2048K)
 Metaspace       used 19012K, capacity 19454K, committed 19712K, reserved 1067008K
  class space    used 2298K, capacity 2458K, committed 2560K, reserved 1048576K
}
Event: 13.403 GC heap before
{Heap before GC invocations=5 (full 0):
 garbage-first heap   total 63488K, used 26105K [0x0000000080000000, 0x0000000100000000)
  region size 1024K, 13 young (13312K), 2 survivors (2048K)
 Metaspace       used 20604K, capacity 21127K, committed 21296K, reserved 1069056K
  class space    used 2520K, capacity 2680K, committed 2688K, reserved 1048576K
}
Event: 13.410 GC heap after
{Heap after GC invocations=6 (full 0):
 garbage-first heap   total 63488K, used 16257K [0x0000000080000000, 0x0000000100000000)
  region size 1024K, 2 young (2048K), 2 survivors (2048K)
 Metaspace       used 20604K, capacity 21127K, committed 21296K, reserved 1069056K
  class space    used 2520K, capacity 2680K, committed 2688K, reserved 1048576K
}

