# JRE version: OpenJDK Runtime Environment (11.0.8+10) (build 11.0.8+10-b944.6842174)
# Java VM: OpenJDK 64-Bit Server VM (11.0.8+10-b944.6842174, mixed mode, tiered, compressed oops, g1 gc, windows-amd64)
Heap:
 garbage-first heap   total 63488K, used 26585K [0x0000000080000000, 0x0000000100000000)
  region size 1024K, 12 young (12288K), 3 survivors (3072K)
 Metaspace       used 26778K, capacity 27455K, committed 27568K, reserved 1073152K
  class space    used 3515K, capacity 3752K, committed 3840K, reserved 1048576K
GC Heap History (16 events):
Event: 1.269 GC heap before
{Heap before GC invocations=0 (full 0):
 garbage-first heap   total 63488K, used 19456K [0x0000000080000000, 0x0000000100000000)
  region size 1024K, 14 young (14336K), 0 survivors (0K)
 Metaspace       used 7438K, capacity 7599K, committed 7680K, reserved 1056768K
  class space    used 686K, capacity 748K, committed 768K, reserved 1048576K
}
Event: 1.278 GC heap after
{Heap after GC invocations=1 (full 0):
 garbage-first heap   total 63488K, used 7755K [0x0000000080000000, 0x0000000100000000)
  region size 1024K, 2 young (2048K), 2 survivors (2048K)
 Metaspace       used 7438K, capacity 7599K, committed 7680K, reserved 1056768K
  class space    used 686K, capacity 748K, committed 768K, reserved 1048576K
}
Event: 2.034 GC heap before
{Heap before GC invocations=1 (full 0):
 garbage-first heap   total 63488K, used 19019K [0x0000000080000000, 0x0000000100000000)
  region size 1024K, 13 young (13312K), 2 survivors (2048K)
 Metaspace       used 10828K, capacity 11065K, committed 11264K, reserved 1058816K
  class space    used 1144K, capacity 1203K, committed 1280K, reserved 1048576K
}
Event: 2.041 GC heap after
{Heap after GC invocations=2 (full 0):
 garbage-first heap   total 63488K, used 8957K [0x0000000080000000, 0x0000000100000000)
  region size 1024K, 1 young (1024K), 1 survivors (1024K)
 Metaspace       used 10828K, capacity 11065K, committed 11264K, reserved 1058816K
  class space    used 1144K, capacity 1203K, committed 1280K, reserved 1048576K
}
Event: 2.601 GC heap before
{Heap before GC invocations=2 (full 0):
 garbage-first heap   total 63488K, used 29437K [0x0000000080000000, 0x0000000100000000)
  region size 1024K, 22 young (22528K), 1 survivors (1024K)
 Metaspace       used 10950K, capacity 11194K, committed 11520K, reserved 1058816K
  class space    used 1144K, capacity 1203K, committed 1280K, reserved 1048576K
}
Event: 2.609 GC heap after
{Heap after GC invocations=3 (full 0):
 garbage-first heap   total 63488K, used 10583K [0x0000000080000000, 0x0000000100000000)
  region size 1024K, 3 young (3072K), 3 survivors (3072K)
 Metaspace       used 10950K, capacity 11194K, committed 11520K, reserved 1058816K
  class space    used 1144K, capacity 1203K, committed 1280K, reserved 1048576K
}
Event: 3.593 GC heap before
{Heap before GC invocations=3 (full 0):
 garbage-first heap   total 63488K, used 33111K [0x0000000080000000, 0x0000000100000000)
  region size 1024K, 26 young (26624K), 3 survivors (3072K)
 Metaspace       used 13585K, capacity 13917K, committed 14208K, reserved 1062912K
  class space    used 1506K, capacity 1580K, committed 1664K, reserved 1048576K
}
Event: 3.605 GC heap after
{Heap after GC invocations=4 (full 0):
 garbage-first heap   total 63488K, used 14335K [0x0000000080000000, 0x0000000100000000)
  region size 1024K, 4 young (4096K), 4 survivors (4096K)
 Metaspace       used 13585K, capacity 13917K, committed 14208K, reserved 1062912K
  class space    used 1506K, capacity 1580K, committed 1664K, reserved 1048576K
}
Event: 6.191 GC heap before
{Heap before GC invocations=4 (full 0):
 garbage-first heap   total 63488K, used 37887K [0x0000000080000000, 0x0000000100000000)
  region size 1024K, 27 young (27648K), 4 survivors (4096K)
 Metaspace       used 18817K, capacity 19261K, committed 19328K, reserved 1067008K
  class space    used 2264K, capacity 2394K, committed 2432K, reserved 1048576K
}
Event: 6.201 GC heap after
{Heap after GC invocations=5 (full 0):
 garbage-first heap   total 63488K, used 16069K [0x0000000080000000, 0x0000000100000000)
  region size 1024K, 2 young (2048K), 2 survivors (2048K)
 Metaspace       used 18817K, capacity 19261K, committed 19328K, reserved 1067008K
  class space    used 2264K, capacity 2394K, committed 2432K, reserved 1048576K
}
Event: 6.570 GC heap before
{Heap before GC invocations=5 (full 0):
 garbage-first heap   total 63488K, used 27333K [0x0000000080000000, 0x0000000100000000)
  region size 1024K, 15 young (15360K), 2 survivors (2048K)
 Metaspace       used 20581K, capacity 21127K, committed 21296K, reserved 1069056K
  class space    used 2520K, capacity 2680K, committed 2688K, reserved 1048576K
}
Event: 6.575 GC heap after
{Heap after GC invocations=6 (full 0):
 garbage-first heap   total 63488K, used 16344K [0x0000000080000000, 0x0000000100000000)
  region size 1024K, 2 young (2048K), 2 survivors (2048K)
 Metaspace       used 20581K, capacity 21127K, committed 21296K, reserved 1069056K
  class space    used 2520K, capacity 2680K, committed 2688K, reserved 1048576K
}
Event: 7.231 GC heap before
{Heap before GC invocations=7 (full 0):
 garbage-first heap   total 63488K, used 39896K [0x0000000080000000, 0x0000000100000000)
  region size 1024K, 25 young (25600K), 2 survivors (2048K)
 Metaspace       used 23034K, capacity 23568K, committed 23856K, reserved 1071104K
  class space    used 2936K, capacity 3112K, committed 3200K, reserved 1048576K
}
Event: 7.236 GC heap after
{Heap after GC invocations=8 (full 0):
 garbage-first heap   total 63488K, used 17433K [0x0000000080000000, 0x0000000100000000)
  region size 1024K, 3 young (3072K), 3 survivors (3072K)
 Metaspace       used 23034K, capacity 23568K, committed 23856K, reserved 1071104K
  class space    used 2936K, capacity 3112K, committed 3200K, reserved 1048576K
}
Event: 8.789 GC heap before
{Heap before GC invocations=8 (full 0):
 garbage-first heap   total 63488K, used 40985K [0x0000000080000000, 0x0000000100000000)
  region size 1024K, 26 young (26624K), 3 survivors (3072K)
 Metaspace       used 26051K, capacity 26725K, committed 26928K, reserved 1073152K
  class space    used 3397K, capacity 3634K, committed 3712K, reserved 1048576K
}
Event: 8.800 GC heap after
{Heap after GC invocations=9 (full 0):
 garbage-first heap   total 63488K, used 18393K [0x0000000080000000, 0x0000000100000000)
  region size 1024K, 3 young (3072K), 3 survivors (3072K)
 Metaspace       used 26051K, capacity 26725K, committed 26928K, reserved 1073152K
  class space    used 3397K, capacity 3634K, committed 3712K, reserved 1048576K
}

