# JRE version: OpenJDK Runtime Environment (11.0.8+10) (build 11.0.8+10-b944.6842174)
# Java VM: OpenJDK 64-Bit Server VM (11.0.8+10-b944.6842174, mixed mode, tiered, compressed oops, g1 gc, windows-amd64)
Heap:
 garbage-first heap   total 63488K, used 31657K [0x0000000080000000, 0x0000000100000000)
  region size 1024K, 18 young (18432K), 3 survivors (3072K)
 Metaspace       used 25149K, capacity 25852K, committed 26032K, reserved 1071104K
  class space    used 3247K, capacity 3464K, committed 3584K, reserved 1048576K
GC Heap History (14 events):
Event: 1.380 GC heap before
{Heap before GC invocations=0 (full 0):
 garbage-first heap   total 63488K, used 19456K [0x0000000080000000, 0x0000000100000000)
  region size 1024K, 14 young (14336K), 0 survivors (0K)
 Metaspace       used 7459K, capacity 7615K, committed 7680K, reserved 1056768K
  class space    used 686K, capacity 748K, committed 768K, reserved 1048576K
}
Event: 1.392 GC heap after
{Heap after GC invocations=1 (full 0):
 garbage-first heap   total 63488K, used 7819K [0x0000000080000000, 0x0000000100000000)
  region size 1024K, 2 young (2048K), 2 survivors (2048K)
 Metaspace       used 7459K, capacity 7615K, committed 7680K, reserved 1056768K
  class space    used 686K, capacity 748K, committed 768K, reserved 1048576K
}
Event: 2.140 GC heap before
{Heap before GC invocations=1 (full 0):
 garbage-first heap   total 63488K, used 19083K [0x0000000080000000, 0x0000000100000000)
  region size 1024K, 13 young (13312K), 2 survivors (2048K)
 Metaspace       used 10831K, capacity 11081K, committed 11264K, reserved 1058816K
  class space    used 1144K, capacity 1203K, committed 1280K, reserved 1048576K
}
Event: 2.149 GC heap after
{Heap after GC invocations=2 (full 0):
 garbage-first heap   total 63488K, used 8974K [0x0000000080000000, 0x0000000100000000)
  region size 1024K, 1 young (1024K), 1 survivors (1024K)
 Metaspace       used 10831K, capacity 11081K, committed 11264K, reserved 1058816K
  class space    used 1144K, capacity 1203K, committed 1280K, reserved 1048576K
}
Event: 2.756 GC heap before
{Heap before GC invocations=2 (full 0):
 garbage-first heap   total 63488K, used 29454K [0x0000000080000000, 0x0000000100000000)
  region size 1024K, 22 young (22528K), 1 survivors (1024K)
 Metaspace       used 10953K, capacity 11210K, committed 11520K, reserved 1058816K
  class space    used 1144K, capacity 1203K, committed 1280K, reserved 1048576K
}
Event: 2.763 GC heap after
{Heap after GC invocations=3 (full 0):
 garbage-first heap   total 63488K, used 10588K [0x0000000080000000, 0x0000000100000000)
  region size 1024K, 3 young (3072K), 3 survivors (3072K)
 Metaspace       used 10953K, capacity 11210K, committed 11520K, reserved 1058816K
  class space    used 1144K, capacity 1203K, committed 1280K, reserved 1048576K
}
Event: 4.060 GC heap before
{Heap before GC invocations=3 (full 0):
 garbage-first heap   total 63488K, used 34140K [0x0000000080000000, 0x0000000100000000)
  region size 1024K, 27 young (27648K), 3 survivors (3072K)
 Metaspace       used 13778K, capacity 14093K, committed 14208K, reserved 1062912K
  class space    used 1540K, capacity 1612K, committed 1664K, reserved 1048576K
}
Event: 4.091 GC heap after
{Heap after GC invocations=4 (full 0):
 garbage-first heap   total 63488K, used 14297K [0x0000000080000000, 0x0000000100000000)
  region size 1024K, 4 young (4096K), 4 survivors (4096K)
 Metaspace       used 13778K, capacity 14093K, committed 14208K, reserved 1062912K
  class space    used 1540K, capacity 1612K, committed 1664K, reserved 1048576K
}
Event: 6.770 GC heap before
{Heap before GC invocations=4 (full 0):
 garbage-first heap   total 63488K, used 37849K [0x0000000080000000, 0x0000000100000000)
  region size 1024K, 28 young (28672K), 4 survivors (4096K)
 Metaspace       used 18957K, capacity 19470K, committed 19712K, reserved 1067008K
  class space    used 2289K, capacity 2458K, committed 2560K, reserved 1048576K
}
Event: 6.778 GC heap after
{Heap after GC invocations=5 (full 0):
 garbage-first heap   total 63488K, used 15983K [0x0000000080000000, 0x0000000100000000)
  region size 1024K, 2 young (2048K), 2 survivors (2048K)
 Metaspace       used 18957K, capacity 19470K, committed 19712K, reserved 1067008K
  class space    used 2289K, capacity 2458K, committed 2560K, reserved 1048576K
}
Event: 7.113 GC heap before
{Heap before GC invocations=5 (full 0):
 garbage-first heap   total 63488K, used 26223K [0x0000000080000000, 0x0000000100000000)
  region size 1024K, 14 young (14336K), 2 survivors (2048K)
 Metaspace       used 20589K, capacity 21143K, committed 21296K, reserved 1069056K
  class space    used 2520K, capacity 2680K, committed 2688K, reserved 1048576K
}
Event: 7.118 GC heap after
{Heap after GC invocations=6 (full 0):
 garbage-first heap   total 63488K, used 16326K [0x0000000080000000, 0x0000000100000000)
  region size 1024K, 2 young (2048K), 2 survivors (2048K)
 Metaspace       used 20589K, capacity 21143K, committed 21296K, reserved 1069056K
  class space    used 2520K, capacity 2680K, committed 2688K, reserved 1048576K
}
Event: 8.336 GC heap before
{Heap before GC invocations=7 (full 0):
 garbage-first heap   total 63488K, used 40902K [0x0000000080000000, 0x0000000100000000)
  region size 1024K, 26 young (26624K), 2 survivors (2048K)
 Metaspace       used 23062K, capacity 23616K, committed 23856K, reserved 1071104K
  class space    used 2940K, capacity 3144K, committed 3200K, reserved 1048576K
}
Event: 8.343 GC heap after
{Heap after GC invocations=8 (full 0):
 garbage-first heap   total 63488K, used 17321K [0x0000000080000000, 0x0000000100000000)
  region size 1024K, 3 young (3072K), 3 survivors (3072K)
 Metaspace       used 23062K, capacity 23616K, committed 23856K, reserved 1071104K
  class space    used 2940K, capacity 3144K, committed 3200K, reserved 1048576K
}

